<?xml version="1.0" encoding="UTF-8"?>
<!-- Generated by org.testng.reporters.JUnitReportReporter -->
<testsuite hostname="GYRUS-231" failures="0" tests="16" name="com.qa.gyruslearner.testcases.LoginPageTestCase" time="40.027" errors="0" timestamp="2025-09-09T18:57:32 IST" skipped="0">
  <testcase classname="com.qa.gyruslearner.testcases.LoginPageTestCase" name="LoginPageTitleTest" time="0.485"/>
  <testcase classname="com.qa.gyruslearner.testcases.LoginPageTestCase" name="LoginPageUrlTest" time="0.449"/>
  <testcase classname="com.qa.gyruslearner.testcases.LoginPageTestCase" name="isCompanyLogoExitsTest" time="0.519"/>
  <testcase classname="com.qa.gyruslearner.testcases.LoginPageTestCase" name="isBackGroundImageExitsTest" time="0.459"/>
  <testcase classname="com.qa.gyruslearner.testcases.LoginPageTestCase" name="verifyLoginHeadertextTest" time="0.507"/>
  <testcase classname="com.qa.gyruslearner.testcases.LoginPageTestCase" name="verifyUsernameAndPasswordFieldsTest" time="0.532"/>
  <testcase classname="com.qa.gyruslearner.testcases.LoginPageTestCase" name="isSingInbuttonExitsAndEnableTest" time="0.546"/>
  <testcase classname="com.qa.gyruslearner.testcases.LoginPageTestCase" name="verifyForgotPasswordTest" time="0.496"/>
  <testcase classname="com.qa.gyruslearner.testcases.LoginPageTestCase" name="verifySignUplinkButtonTest" time="0.488"/>
  <testcase classname="com.qa.gyruslearner.testcases.LoginPageTestCase" name="verifyPasswordFieldEncryptedTest" time="0.579"/>
  <testcase classname="com.qa.gyruslearner.testcases.LoginPageTestCase" name="verifyFirstTimeLoginRedirectsToChangePasswordTest" time="11.197"/>
  <testcase classname="com.qa.gyruslearner.testcases.LoginPageTestCase" name="verifyValidUserNameAndWrongPassTest1" time="1.485"/>
  <testcase classname="com.qa.gyruslearner.testcases.LoginPageTestCase" name="verifyWrongUserNameAndValidPassTest" time="5.707"/>
  <testcase classname="com.qa.gyruslearner.testcases.LoginPageTestCase" name="verifyLastLoginAttemptMessage" time="4.205"/>
  <testcase classname="com.qa.gyruslearner.testcases.LoginPageTestCase" name="verifyAccountLockAfterFailedAttemptTest" time="1.654"/>
  <testcase classname="com.qa.gyruslearner.testcases.LoginPageTestCase" name="verifyValidLoginTest" time="10.719"/>
</testsuite> <!-- com.qa.gyruslearner.testcases.LoginPageTestCase -->
