<?xml version="1.0" encoding="UTF-8"?>
<!-- Generated by org.testng.reporters.JUnitReportReporter -->
<testsuite hostname="GYRUS-231" failures="0" tests="6" name="com.qa.gyruslearner.testcases.SignUpPageTestCase" time="3.701" errors="0" timestamp="2025-09-08T16:50:12 IST" skipped="1">
  <testcase classname="com.qa.gyruslearner.testcases.SignUpPageTestCase" name="verifySignUpUrlTest" time="3.395"/>
  <testcase classname="com.qa.gyruslearner.testcases.SignUpPageTestCase" name="verifySignUpPageTitle" time="0.019"/>
  <testcase classname="com.qa.gyruslearner.testcases.SignUpPageTestCase" name="verifyCompnayLogoAndHeadingTextTest" time="0.072"/>
  <testcase classname="com.qa.gyruslearner.testcases.SignUpPageTestCase" name="verifyMandatoryFieldsDisplayedTest" time="0.162"/>
  <testcase classname="com.qa.gyruslearner.testcases.SignUpPageTestCase" name="verifyCaptchaDisplayedTest" time="0.053"/>
  <testcase classname="com.qa.gyruslearner.testcases.SignUpPageTestCase" name="verifyRegisterButtonEnableTest">
    <skipped/>
  </testcase> <!-- verifyRegisterButtonEnableTest -->
</testsuite> <!-- com.qa.gyruslearner.testcases.SignUpPageTestCase -->
