<?xml version="1.0" encoding="UTF-8"?>
<!-- Generated by org.testng.reporters.JUnitReportReporter -->
<testsuite hostname="GYRUS-231" failures="0" tests="9" name="com.qa.gyruslearner.testcases.ChangePasswordPageTestCase" time="12.888" errors="0" timestamp="2025-09-05T18:25:14 IST" skipped="2">
  <testcase classname="com.qa.gyruslearner.testcases.ChangePasswordPageTestCase" name="changePasswordUrlTest" time="3.428"/>
  <testcase classname="com.qa.gyruslearner.testcases.ChangePasswordPageTestCase" name="verifyChangePasswordPanelTitleTest" time="0.030"/>
  <testcase classname="com.qa.gyruslearner.testcases.ChangePasswordPageTestCase" name="verifyChangePasswordPageUIElementsTest" time="0.155"/>
  <testcase classname="com.qa.gyruslearner.testcases.ChangePasswordPageTestCase" name="VerifyWrongCurrentPasswordTest" time="2.904"/>
  <testcase classname="com.qa.gyruslearner.testcases.ChangePasswordPageTestCase" name="verifyErrorForMismatchedPasswordsTest" time="2.968"/>
  <testcase classname="com.qa.gyruslearner.testcases.ChangePasswordPageTestCase" name="verifyCurrentAndNewPasswordAreSameTest" time="0.631"/>
  <testcase classname="com.qa.gyruslearner.testcases.ChangePasswordPageTestCase" name="verifySignOutFunctionalityTest" time="2.772"/>
  <testcase classname="com.qa.gyruslearner.testcases.ChangePasswordPageTestCase" name="verifySuccessfulPasswordResetTest">
    <skipped/>
  </testcase> <!-- verifySuccessfulPasswordResetTest -->
  <testcase classname="com.qa.gyruslearner.testcases.ChangePasswordPageTestCase" name="ChangePasswordTitleTest">
    <skipped/>
  </testcase> <!-- ChangePasswordTitleTest -->
</testsuite> <!-- com.qa.gyruslearner.testcases.ChangePasswordPageTestCase -->
