<?xml version="1.0" encoding="UTF-8"?>
<!-- Generated by org.testng.reporters.JUnitReportReporter -->
<testsuite hostname="GYRUS-231" failures="0" tests="16" name="com.qa.gyruslearner.testcases.LoginPageTestCase" time="22.538" errors="0" timestamp="2025-09-04T13:54:02 IST" skipped="3">
  <testcase classname="com.qa.gyruslearner.testcases.LoginPageTestCase" name="LoginPageTitleTest" time="0.965"/>
  <testcase classname="com.qa.gyruslearner.testcases.LoginPageTestCase" name="LoginPageUrlTest" time="0.019"/>
  <testcase classname="com.qa.gyruslearner.testcases.LoginPageTestCase" name="isCompanyLogoExitsTest" time="0.034"/>
  <testcase classname="com.qa.gyruslearner.testcases.LoginPageTestCase" name="isBackGroundImageExitsTest" time="0.048"/>
  <testcase classname="com.qa.gyruslearner.testcases.LoginPageTestCase" name="verifyLoginHeadertextTest" time="0.082"/>
  <testcase classname="com.qa.gyruslearner.testcases.LoginPageTestCase" name="verifyUsernameAndPasswordFieldsTest" time="0.481"/>
  <testcase classname="com.qa.gyruslearner.testcases.LoginPageTestCase" name="isSingInbuttonExitsAndEnableTest" time="0.041"/>
  <testcase classname="com.qa.gyruslearner.testcases.LoginPageTestCase" name="verifyForgotPasswordTest" time="0.047"/>
  <testcase classname="com.qa.gyruslearner.testcases.LoginPageTestCase" name="verifySignUplinkButtonTest" time="0.034"/>
  <testcase classname="com.qa.gyruslearner.testcases.LoginPageTestCase" name="verifyPasswordFieldEncryptedTest" time="0.126"/>
  <testcase classname="com.qa.gyruslearner.testcases.LoginPageTestCase" name="verifyValidUserNameAndWrongPassTest1" time="5.765"/>
  <testcase classname="com.qa.gyruslearner.testcases.LoginPageTestCase" name="verifyWrongUserNameAndValidPassTest" time="5.444"/>
  <testcase classname="com.qa.gyruslearner.testcases.LoginPageTestCase" name="verifyValidLoginTest" time="9.452"/>
  <testcase classname="com.qa.gyruslearner.testcases.LoginPageTestCase" name="verifyFirstTimeLoginRedirectsToChangePasswordTest">
    <skipped/>
  </testcase> <!-- verifyFirstTimeLoginRedirectsToChangePasswordTest -->
  <testcase classname="com.qa.gyruslearner.testcases.LoginPageTestCase" name="verifyLastLoginAttemptMessage">
    <skipped/>
  </testcase> <!-- verifyLastLoginAttemptMessage -->
  <testcase classname="com.qa.gyruslearner.testcases.LoginPageTestCase" name="verifyAccountLockAfterFailedAttemptTest">
    <skipped/>
  </testcase> <!-- verifyAccountLockAfterFailedAttemptTest -->
</testsuite> <!-- com.qa.gyruslearner.testcases.LoginPageTestCase -->
