<?xml version="1.0" encoding="UTF-8"?>
<!-- Generated by org.testng.reporters.JUnitReportReporter -->
<testsuite hostname="GYRUS-231" failures="0" tests="1" name="com.qa.gyruslearner.testcases.SignUpPageTestCase" time="23.504" errors="0" timestamp="2025-09-09T15:01:59 IST" skipped="0">
  <testcase classname="com.qa.gyruslearner.testcases.SignUpPageTestCase" name="verifySuccessfulRegistrationWithValidDataTest" time="23.504"/>
</testsuite> <!-- com.qa.gyruslearner.testcases.SignUpPageTestCase -->
