<?xml version="1.0" encoding="UTF-8"?>
<!-- Generated by org.testng.reporters.JUnitReportReporter -->
<testsuite hostname="GYRUS-231" failures="2" tests="17" name="com.qa.gyruslearner.testcases.ForgotPasswordPageTestCase" time="35.311" errors="0" timestamp="2025-09-09T18:56:30 IST" skipped="0">
  <testcase classname="com.qa.gyruslearner.testcases.ForgotPasswordPageTestCase" name="forgotPasswordPageUrlTest" time="4.787"/>
  <testcase classname="com.qa.gyruslearner.testcases.ForgotPasswordPageTestCase" name="forgotPasswordPageTitleTest" time="5.209">
    <failure message="expected [ForgotPassword] but found []" type="java.lang.AssertionError">
      <![CDATA[java.lang.AssertionError: expected [ForgotPassword] but found []
at org.testng.Assert.fail(Assert.java:111)
at org.testng.Assert.failNotEquals(Assert.java:1578)
at org.testng.Assert.assertEqualsImpl(Assert.java:150)
at org.testng.Assert.assertEquals(Assert.java:132)
at org.testng.Assert.assertEquals(Assert.java:656)
at org.testng.Assert.assertEquals(Assert.java:666)
at com.qa.gyruslearner.testcases.ForgotPasswordPageTestCase.forgotPasswordPageTitleTest(ForgotPasswordPageTestCase.java:51)
at java.base/jdk.internal.reflect.DirectMethodHandleAccessor.invoke(DirectMethodHandleAccessor.java:103)
at java.base/java.lang.reflect.Method.invoke(Method.java:580)
at org.testng.internal.invokers.MethodInvocationHelper.invokeMethod(MethodInvocationHelper.java:139)
at org.testng.internal.invokers.TestInvoker.invokeMethod(TestInvoker.java:664)
at org.testng.internal.invokers.TestInvoker.invokeTestMethod(TestInvoker.java:228)
at org.testng.internal.invokers.MethodRunner.runInSequence(MethodRunner.java:63)
at org.testng.internal.invokers.TestInvoker$MethodInvocationAgent.invoke(TestInvoker.java:961)
at org.testng.internal.invokers.TestInvoker.invokeTestMethods(TestInvoker.java:201)
at org.testng.internal.invokers.TestMethodWorker.invokeTestMethods(TestMethodWorker.java:148)
at org.testng.internal.invokers.TestMethodWorker.run(TestMethodWorker.java:128)
at java.base/java.util.ArrayList.forEach(ArrayList.java:1596)
at org.testng.TestRunner.privateRun(TestRunner.java:819)
at org.testng.TestRunner.run(TestRunner.java:619)
at org.testng.SuiteRunner.runTest(SuiteRunner.java:443)
at org.testng.SuiteRunner.runSequentially(SuiteRunner.java:437)
at org.testng.SuiteRunner.privateRun(SuiteRunner.java:397)
at org.testng.SuiteRunner.run(SuiteRunner.java:336)
at org.testng.SuiteRunnerWorker.runSuite(SuiteRunnerWorker.java:52)
at org.testng.SuiteRunnerWorker.run(SuiteRunnerWorker.java:95)
at org.testng.TestNG.runSuitesSequentially(TestNG.java:1301)
at org.testng.TestNG.runSuitesLocally(TestNG.java:1228)
at org.testng.TestNG.runSuites(TestNG.java:1134)
at org.testng.TestNG.run(TestNG.java:1101)
at org.testng.remote.AbstractRemoteTestNG.run(AbstractRemoteTestNG.java:115)
at org.testng.remote.RemoteTestNG.initAndRun(RemoteTestNG.java:293)
at org.testng.remote.RemoteTestNG.main(RemoteTestNG.java:91)
]]>
    </failure>
  </testcase> <!-- forgotPasswordPageTitleTest -->
  <testcase classname="com.qa.gyruslearner.testcases.ForgotPasswordPageTestCase" name="verifyForgotPasswordPageVisableAndEnableTest" time="0.102"/>
  <testcase classname="com.qa.gyruslearner.testcases.ForgotPasswordPageTestCase" name="verifyContinueButtonDisabledUntilOptionSelectedTest" time="0.016"/>
  <testcase classname="com.qa.gyruslearner.testcases.ForgotPasswordPageTestCase" name="verifyBackToLoginButtonNavigatesToLoginPageTest" time="0.845"/>
  <testcase classname="com.qa.gyruslearner.testcases.ForgotPasswordPageTestCase" name="verifyPasswordOptionDisplaysUsernameAndSecurityQuestionTest" time="0.226"/>
  <testcase classname="com.qa.gyruslearner.testcases.ForgotPasswordPageTestCase" name="verifySelectedPasswordOptionContinueButtonEnabledTest" time="0.049"/>
  <testcase classname="com.qa.gyruslearner.testcases.ForgotPasswordPageTestCase" name="verifyValidationForEmptyUsernameTest" time="1.113"/>
  <testcase classname="com.qa.gyruslearner.testcases.ForgotPasswordPageTestCase" name="verifySecurityAnswerEmptyTest" time="1.082"/>
  <testcase classname="com.qa.gyruslearner.testcases.ForgotPasswordPageTestCase" name="verifyCorrectUsernameWithWrongSecurityAnswerTest" time="3.152"/>
  <testcase classname="com.qa.gyruslearner.testcases.ForgotPasswordPageTestCase" name="verifyInvalidUsernameShowsErrorTest" time="1.793"/>
  <testcase classname="com.qa.gyruslearner.testcases.ForgotPasswordPageTestCase" name="verifyValidUsernameAndCorrectAnswerTest" time="5.592">
    <failure message="Toast message mismatch! expected [Password updated.] but found [null]" type="java.lang.AssertionError">
      <![CDATA[java.lang.AssertionError: Toast message mismatch! expected [Password updated.] but found [null]
at org.testng.Assert.fail(Assert.java:111)
at org.testng.Assert.failNotEquals(Assert.java:1578)
at org.testng.Assert.assertEqualsImpl(Assert.java:150)
at org.testng.Assert.assertEquals(Assert.java:132)
at org.testng.Assert.assertEquals(Assert.java:656)
at com.qa.gyruslearner.testcases.ForgotPasswordPageTestCase.verifyValidUsernameAndCorrectAnswerTest(ForgotPasswordPageTestCase.java:238)
at java.base/jdk.internal.reflect.DirectMethodHandleAccessor.invoke(DirectMethodHandleAccessor.java:103)
at java.base/java.lang.reflect.Method.invoke(Method.java:580)
at org.testng.internal.invokers.MethodInvocationHelper.invokeMethod(MethodInvocationHelper.java:139)
at org.testng.internal.invokers.TestInvoker.invokeMethod(TestInvoker.java:664)
at org.testng.internal.invokers.TestInvoker.invokeTestMethod(TestInvoker.java:228)
at org.testng.internal.invokers.MethodRunner.runInSequence(MethodRunner.java:63)
at org.testng.internal.invokers.TestInvoker$MethodInvocationAgent.invoke(TestInvoker.java:961)
at org.testng.internal.invokers.TestInvoker.invokeTestMethods(TestInvoker.java:201)
at org.testng.internal.invokers.TestMethodWorker.invokeTestMethods(TestMethodWorker.java:148)
at org.testng.internal.invokers.TestMethodWorker.run(TestMethodWorker.java:128)
at java.base/java.util.ArrayList.forEach(ArrayList.java:1596)
at org.testng.TestRunner.privateRun(TestRunner.java:819)
at org.testng.TestRunner.run(TestRunner.java:619)
at org.testng.SuiteRunner.runTest(SuiteRunner.java:443)
at org.testng.SuiteRunner.runSequentially(SuiteRunner.java:437)
at org.testng.SuiteRunner.privateRun(SuiteRunner.java:397)
at org.testng.SuiteRunner.run(SuiteRunner.java:336)
at org.testng.SuiteRunnerWorker.runSuite(SuiteRunnerWorker.java:52)
at org.testng.SuiteRunnerWorker.run(SuiteRunnerWorker.java:95)
at org.testng.TestNG.runSuitesSequentially(TestNG.java:1301)
at org.testng.TestNG.runSuitesLocally(TestNG.java:1228)
at org.testng.TestNG.runSuites(TestNG.java:1134)
at org.testng.TestNG.run(TestNG.java:1101)
at org.testng.remote.AbstractRemoteTestNG.run(AbstractRemoteTestNG.java:115)
at org.testng.remote.RemoteTestNG.initAndRun(RemoteTestNG.java:293)
at org.testng.remote.RemoteTestNG.main(RemoteTestNG.java:91)
]]>
    </failure>
  </testcase> <!-- verifyValidUsernameAndCorrectAnswerTest -->
  <testcase classname="com.qa.gyruslearner.testcases.ForgotPasswordPageTestCase" name="verifyIDontKnowMyUsernameShowsEmailFieldTest" time="3.017"/>
  <testcase classname="com.qa.gyruslearner.testcases.ForgotPasswordPageTestCase" name="verifySelectedUserNameOptionContinueButtonEnabledTest" time="0.023"/>
  <testcase classname="com.qa.gyruslearner.testcases.ForgotPasswordPageTestCase" name="verifyValidationForEmptyEmailTest" time="2.727"/>
  <testcase classname="com.qa.gyruslearner.testcases.ForgotPasswordPageTestCase" name="verifyUnregisteredEmailTest" time="2.778"/>
  <testcase classname="com.qa.gyruslearner.testcases.ForgotPasswordPageTestCase" name="verifyRegisteredEmailTest" time="2.800"/>
</testsuite> <!-- com.qa.gyruslearner.testcases.ForgotPasswordPageTestCase -->
