<?xml version="1.0" encoding="UTF-8"?>
<!-- Generated by org.testng.reporters.JUnitReportReporter -->
<testsuite hostname="GYRUS-231" failures="1" tests="17" name="com.qa.gyruslearner.testcases.ForgotPasswordPageTestCase" time="32.484" errors="0" timestamp="2025-09-05T10:50:25 IST" skipped="0">
  <testcase classname="com.qa.gyruslearner.testcases.ForgotPasswordPageTestCase" name="forgotPasswordPageUrlTest" time="2.047"/>
  <testcase classname="com.qa.gyruslearner.testcases.ForgotPasswordPageTestCase" name="forgotPasswordPageTitleTest" time="5.206">
    <failure message="expected [ForgotPassword] but found []" type="java.lang.AssertionError">
      <![CDATA[java.lang.AssertionError: expected [ForgotPassword] but found []
at org.testng.Assert.fail(Assert.java:111)
at org.testng.Assert.failNotEquals(Assert.java:1578)
at org.testng.Assert.assertEqualsImpl(Assert.java:150)
at org.testng.Assert.assertEquals(Assert.java:132)
at org.testng.Assert.assertEquals(Assert.java:656)
at org.testng.Assert.assertEquals(Assert.java:666)
at com.qa.gyruslearner.testcases.ForgotPasswordPageTestCase.forgotPasswordPageTitleTest(ForgotPasswordPageTestCase.java:55)
at java.base/jdk.internal.reflect.DirectMethodHandleAccessor.invoke(DirectMethodHandleAccessor.java:103)
at java.base/java.lang.reflect.Method.invoke(Method.java:580)
at org.testng.internal.invokers.MethodInvocationHelper.invokeMethod(MethodInvocationHelper.java:139)
at org.testng.internal.invokers.TestInvoker.invokeMethod(TestInvoker.java:664)
at org.testng.internal.invokers.TestInvoker.invokeTestMethod(TestInvoker.java:228)
at org.testng.internal.invokers.MethodRunner.runInSequence(MethodRunner.java:63)
at org.testng.internal.invokers.TestInvoker$MethodInvocationAgent.invoke(TestInvoker.java:961)
at org.testng.internal.invokers.TestInvoker.invokeTestMethods(TestInvoker.java:201)
at org.testng.internal.invokers.TestMethodWorker.invokeTestMethods(TestMethodWorker.java:148)
at org.testng.internal.invokers.TestMethodWorker.run(TestMethodWorker.java:128)
at java.base/java.util.ArrayList.forEach(ArrayList.java:1596)
at org.testng.TestRunner.privateRun(TestRunner.java:819)
at org.testng.TestRunner.run(TestRunner.java:619)
at org.testng.SuiteRunner.runTest(SuiteRunner.java:443)
at org.testng.SuiteRunner.runSequentially(SuiteRunner.java:437)
at org.testng.SuiteRunner.privateRun(SuiteRunner.java:397)
at org.testng.SuiteRunner.run(SuiteRunner.java:336)
at org.testng.SuiteRunnerWorker.runSuite(SuiteRunnerWorker.java:52)
at org.testng.SuiteRunnerWorker.run(SuiteRunnerWorker.java:95)
at org.testng.TestNG.runSuitesSequentially(TestNG.java:1301)
at org.testng.TestNG.runSuitesLocally(TestNG.java:1228)
at org.testng.TestNG.runSuites(TestNG.java:1134)
at org.testng.TestNG.run(TestNG.java:1101)
at org.testng.remote.AbstractRemoteTestNG.run(AbstractRemoteTestNG.java:115)
at org.testng.remote.RemoteTestNG.initAndRun(RemoteTestNG.java:293)
at org.testng.remote.RemoteTestNG.main(RemoteTestNG.java:91)
]]>
    </failure>
  </testcase> <!-- forgotPasswordPageTitleTest -->
  <testcase classname="com.qa.gyruslearner.testcases.ForgotPasswordPageTestCase" name="verifyForgotPasswordPageVisableAndEnableTest" time="0.121"/>
  <testcase classname="com.qa.gyruslearner.testcases.ForgotPasswordPageTestCase" name="verifyContinueButtonDisabledUntilOptionSelectedTest" time="0.032"/>
  <testcase classname="com.qa.gyruslearner.testcases.ForgotPasswordPageTestCase" name="verifyBackToLoginButtonNavigatesToLoginPageTest" time="0.617"/>
  <testcase classname="com.qa.gyruslearner.testcases.ForgotPasswordPageTestCase" name="verifyPasswordOptionDisplaysUsernameAndSecurityQuestionTest" time="0.271"/>
  <testcase classname="com.qa.gyruslearner.testcases.ForgotPasswordPageTestCase" name="verifySelectedPasswordOptionContinueButtonEnabledTest" time="0.039"/>
  <testcase classname="com.qa.gyruslearner.testcases.ForgotPasswordPageTestCase" name="verifyValidationForEmptyUsernameTest" time="1.196"/>
  <testcase classname="com.qa.gyruslearner.testcases.ForgotPasswordPageTestCase" name="verifySecurityAnswerEmptyTest" time="1.066"/>
  <testcase classname="com.qa.gyruslearner.testcases.ForgotPasswordPageTestCase" name="verifyCorrectUsernameWithWrongSecurityAnswerTest" time="2.617"/>
  <testcase classname="com.qa.gyruslearner.testcases.ForgotPasswordPageTestCase" name="verifyInvalidUsernameShowsErrorTest" time="1.678"/>
  <testcase classname="com.qa.gyruslearner.testcases.ForgotPasswordPageTestCase" name="verifyValidUsernameAndCorrectAnswerTest" time="5.084"/>
  <testcase classname="com.qa.gyruslearner.testcases.ForgotPasswordPageTestCase" name="verifyIDontKnowMyUsernameShowsEmailFieldTest" time="3.072"/>
  <testcase classname="com.qa.gyruslearner.testcases.ForgotPasswordPageTestCase" name="verifySelectedUserNameOptionContinueButtonEnabledTest" time="0.030"/>
  <testcase classname="com.qa.gyruslearner.testcases.ForgotPasswordPageTestCase" name="verifyValidationForEmptyEmailTest" time="3.268"/>
  <testcase classname="com.qa.gyruslearner.testcases.ForgotPasswordPageTestCase" name="verifyUnregisteredEmailTest" time="3.414"/>
  <testcase classname="com.qa.gyruslearner.testcases.ForgotPasswordPageTestCase" name="verifyRegisteredEmailTest" time="2.726"/>
</testsuite> <!-- com.qa.gyruslearner.testcases.ForgotPasswordPageTestCase -->
