<?xml version="1.0" encoding="UTF-8"?>
<!-- Generated by org.testng.reporters.JUnitReportReporter -->
<testsuite hostname="GYRUS-231" failures="0" tests="17" name="com.qa.gyruslearner.testcases.LoginPageTestCase" time="11.277" errors="2" timestamp="2025-09-08T13:48:36 IST" skipped="4">
  <testcase classname="com.qa.gyruslearner.testcases.LoginPageTestCase" name="goToLoginPage" time="0.433">
    <error message="no such window: target window already closed
from unknown error: web view not found
  (Session info: chrome=140.0.7339.80)
Build info: version: &#039;4.27.0&#039;, revision: &#039;d6e718d134&#039;
System info: os.name: &#039;Windows 11&#039;, os.arch: &#039;amd64&#039;, os.version: &#039;10.0&#039;, java.version: &#039;21.0.8&#039;
Driver info: org.openqa.selenium.chrome.ChromeDriver
Command: [2cbe89f29fcad45d93fcb826794d90f1, getCurrentUrl {}]
Capabilities {acceptInsecureCerts: false, browserName: chrome, browserVersion: 140.0.7339.80, chrome: {chromedriverVersion: 140.0.7339.80 (670b6f192f46..., userDataDir: C:\Users\DINESH~1\AppData\L...}, fedcm:accounts: true, goog:chromeOptions: {debuggerAddress: localhost:50514}, networkConnectionEnabled: false, pageLoadStrategy: normal, platformName: windows, proxy: Proxy(), se:cdp: ws://localhost:50514/devtoo..., se:cdpVersion: 140.0.7339.80, setWindowRect: true, strictFileInteractability: false, timeouts: {implicit: 0, pageLoad: 300000, script: 30000}, unhandledPromptBehavior: dismiss and notify, webauthn:extension:credBlob: true, webauthn:extension:largeBlob: true, webauthn:extension:minPinLength: true, webauthn:extension:prf: true, webauthn:virtualAuthenticators: true}
Session ID: 2cbe89f29fcad45d93fcb826794d90f1" type="org.openqa.selenium.NoSuchWindowException">
      <![CDATA[org.openqa.selenium.NoSuchWindowException: no such window: target window already closed
from unknown error: web view not found
  (Session info: chrome=140.0.7339.80)
Build info: version: '4.27.0', revision: 'd6e718d134'
System info: os.name: 'Windows 11', os.arch: 'amd64', os.version: '10.0', java.version: '21.0.8'
Driver info: org.openqa.selenium.chrome.ChromeDriver
Command: [2cbe89f29fcad45d93fcb826794d90f1, getCurrentUrl {}]
Capabilities {acceptInsecureCerts: false, browserName: chrome, browserVersion: 140.0.7339.80, chrome: {chromedriverVersion: 140.0.7339.80 (670b6f192f46..., userDataDir: C:\Users\DINESH~1\AppData\L...}, fedcm:accounts: true, goog:chromeOptions: {debuggerAddress: localhost:50514}, networkConnectionEnabled: false, pageLoadStrategy: normal, platformName: windows, proxy: Proxy(), se:cdp: ws://localhost:50514/devtoo..., se:cdpVersion: 140.0.7339.80, setWindowRect: true, strictFileInteractability: false, timeouts: {implicit: 0, pageLoad: 300000, script: 30000}, unhandledPromptBehavior: dismiss and notify, webauthn:extension:credBlob: true, webauthn:extension:largeBlob: true, webauthn:extension:minPinLength: true, webauthn:extension:prf: true, webauthn:virtualAuthenticators: true}
Session ID: 2cbe89f29fcad45d93fcb826794d90f1
at java.base/jdk.internal.reflect.DirectConstructorHandleAccessor.newInstance(DirectConstructorHandleAccessor.java:62)
at java.base/java.lang.reflect.Constructor.newInstanceWithCaller(Constructor.java:502)
at java.base/java.lang.reflect.Constructor.newInstance(Constructor.java:486)
at org.openqa.selenium.remote.ErrorCodec.decode(ErrorCodec.java:167)
at org.openqa.selenium.remote.codec.w3c.W3CHttpResponseCodec.decode(W3CHttpResponseCodec.java:138)
at org.openqa.selenium.remote.codec.w3c.W3CHttpResponseCodec.decode(W3CHttpResponseCodec.java:50)
at org.openqa.selenium.remote.HttpCommandExecutor.execute(HttpCommandExecutor.java:190)
at org.openqa.selenium.remote.service.DriverCommandExecutor.invokeExecute(DriverCommandExecutor.java:216)
at org.openqa.selenium.remote.service.DriverCommandExecutor.execute(DriverCommandExecutor.java:174)
at org.openqa.selenium.remote.RemoteWebDriver.execute(RemoteWebDriver.java:545)
at org.openqa.selenium.remote.RemoteWebDriver.execute(RemoteWebDriver.java:618)
at org.openqa.selenium.remote.RemoteWebDriver.execute(RemoteWebDriver.java:622)
at org.openqa.selenium.remote.RemoteWebDriver.getCurrentUrl(RemoteWebDriver.java:325)
at com.qa.gyruslearner.pages.LoginPage.ensureAtLoginPage(LoginPage.java:56)
at com.qa.gyruslearner.testcases.LoginPageTestCase.goToLoginPage(LoginPageTestCase.java:42)
at java.base/jdk.internal.reflect.DirectMethodHandleAccessor.invoke(DirectMethodHandleAccessor.java:103)
at java.base/java.lang.reflect.Method.invoke(Method.java:580)
at org.testng.internal.invokers.MethodInvocationHelper.invokeMethod(MethodInvocationHelper.java:139)
at org.testng.internal.invokers.MethodInvocationHelper.invokeMethodConsideringTimeout(MethodInvocationHelper.java:69)
at org.testng.internal.invokers.ConfigInvoker.invokeConfigurationMethod(ConfigInvoker.java:393)
at org.testng.internal.invokers.ConfigInvoker.invokeConfigurations(ConfigInvoker.java:326)
at org.testng.internal.invokers.TestInvoker.runConfigMethods(TestInvoker.java:810)
at org.testng.internal.invokers.TestInvoker.invokeMethod(TestInvoker.java:578)
at org.testng.internal.invokers.TestInvoker.invokeTestMethod(TestInvoker.java:228)
at org.testng.internal.invokers.MethodRunner.runInSequence(MethodRunner.java:63)
at org.testng.internal.invokers.TestInvoker$MethodInvocationAgent.invoke(TestInvoker.java:961)
at org.testng.internal.invokers.TestInvoker.invokeTestMethods(TestInvoker.java:201)
at org.testng.internal.invokers.TestMethodWorker.invokeTestMethods(TestMethodWorker.java:148)
at org.testng.internal.invokers.TestMethodWorker.run(TestMethodWorker.java:128)
at java.base/java.util.ArrayList.forEach(ArrayList.java:1596)
at org.testng.TestRunner.privateRun(TestRunner.java:819)
at org.testng.TestRunner.run(TestRunner.java:619)
at org.testng.SuiteRunner.runTest(SuiteRunner.java:443)
at org.testng.SuiteRunner.runSequentially(SuiteRunner.java:437)
at org.testng.SuiteRunner.privateRun(SuiteRunner.java:397)
at org.testng.SuiteRunner.run(SuiteRunner.java:336)
at org.testng.SuiteRunnerWorker.runSuite(SuiteRunnerWorker.java:52)
at org.testng.SuiteRunnerWorker.run(SuiteRunnerWorker.java:95)
at org.testng.TestNG.runSuitesSequentially(TestNG.java:1301)
at org.testng.TestNG.runSuitesLocally(TestNG.java:1228)
at org.testng.TestNG.runSuites(TestNG.java:1134)
at org.testng.TestNG.run(TestNG.java:1101)
at org.testng.remote.AbstractRemoteTestNG.run(AbstractRemoteTestNG.java:115)
at org.testng.remote.RemoteTestNG.initAndRun(RemoteTestNG.java:293)
at org.testng.remote.RemoteTestNG.main(RemoteTestNG.java:91)
]]>
    </error>
  </testcase> <!-- goToLoginPage -->
  <testcase classname="com.qa.gyruslearner.testcases.LoginPageTestCase" name="LoginPageTitleTest" time="0.491"/>
  <testcase classname="com.qa.gyruslearner.testcases.LoginPageTestCase" name="LoginPageUrlTest" time="0.468"/>
  <testcase classname="com.qa.gyruslearner.testcases.LoginPageTestCase" name="isCompanyLogoExitsTest" time="0.503"/>
  <testcase classname="com.qa.gyruslearner.testcases.LoginPageTestCase" name="isBackGroundImageExitsTest" time="0.494"/>
  <testcase classname="com.qa.gyruslearner.testcases.LoginPageTestCase" name="verifyLoginHeadertextTest" time="0.573"/>
  <testcase classname="com.qa.gyruslearner.testcases.LoginPageTestCase" name="verifyUsernameAndPasswordFieldsTest" time="0.520"/>
  <testcase classname="com.qa.gyruslearner.testcases.LoginPageTestCase" name="isSingInbuttonExitsAndEnableTest" time="0.142"/>
  <testcase classname="com.qa.gyruslearner.testcases.LoginPageTestCase" name="verifyForgotPasswordTest" time="0.508"/>
  <testcase classname="com.qa.gyruslearner.testcases.LoginPageTestCase" name="verifySignUplinkButtonTest" time="0.565"/>
  <testcase classname="com.qa.gyruslearner.testcases.LoginPageTestCase" name="verifyPasswordFieldEncryptedTest" time="0.720"/>
  <testcase classname="com.qa.gyruslearner.testcases.LoginPageTestCase" name="verifyValidUserNameAndWrongPassTest1" time="5.782"/>
  <testcase classname="com.qa.gyruslearner.testcases.LoginPageTestCase" name="verifyWrongUserNameAndValidPassTest" time="0.078">
    <error message="no such window: target window already closed
from unknown error: web view not found
  (Session info: chrome=140.0.7339.80)
Build info: version: &#039;4.27.0&#039;, revision: &#039;d6e718d134&#039;
System info: os.name: &#039;Windows 11&#039;, os.arch: &#039;amd64&#039;, os.version: &#039;10.0&#039;, java.version: &#039;21.0.8&#039;
Driver info: org.openqa.selenium.chrome.ChromeDriver
Command: [2cbe89f29fcad45d93fcb826794d90f1, findElement {value=username-field, using=id}]
Capabilities {acceptInsecureCerts: false, browserName: chrome, browserVersion: 140.0.7339.80, chrome: {chromedriverVersion: 140.0.7339.80 (670b6f192f46..., userDataDir: C:\Users\DINESH~1\AppData\L...}, fedcm:accounts: true, goog:chromeOptions: {debuggerAddress: localhost:50514}, networkConnectionEnabled: false, pageLoadStrategy: normal, platformName: windows, proxy: Proxy(), se:cdp: ws://localhost:50514/devtoo..., se:cdpVersion: 140.0.7339.80, setWindowRect: true, strictFileInteractability: false, timeouts: {implicit: 0, pageLoad: 300000, script: 30000}, unhandledPromptBehavior: dismiss and notify, webauthn:extension:credBlob: true, webauthn:extension:largeBlob: true, webauthn:extension:minPinLength: true, webauthn:extension:prf: true, webauthn:virtualAuthenticators: true}
Session ID: 2cbe89f29fcad45d93fcb826794d90f1" type="org.openqa.selenium.NoSuchWindowException">
      <![CDATA[org.openqa.selenium.NoSuchWindowException: no such window: target window already closed
from unknown error: web view not found
  (Session info: chrome=140.0.7339.80)
Build info: version: '4.27.0', revision: 'd6e718d134'
System info: os.name: 'Windows 11', os.arch: 'amd64', os.version: '10.0', java.version: '21.0.8'
Driver info: org.openqa.selenium.chrome.ChromeDriver
Command: [2cbe89f29fcad45d93fcb826794d90f1, findElement {value=username-field, using=id}]
Capabilities {acceptInsecureCerts: false, browserName: chrome, browserVersion: 140.0.7339.80, chrome: {chromedriverVersion: 140.0.7339.80 (670b6f192f46..., userDataDir: C:\Users\DINESH~1\AppData\L...}, fedcm:accounts: true, goog:chromeOptions: {debuggerAddress: localhost:50514}, networkConnectionEnabled: false, pageLoadStrategy: normal, platformName: windows, proxy: Proxy(), se:cdp: ws://localhost:50514/devtoo..., se:cdpVersion: 140.0.7339.80, setWindowRect: true, strictFileInteractability: false, timeouts: {implicit: 0, pageLoad: 300000, script: 30000}, unhandledPromptBehavior: dismiss and notify, webauthn:extension:credBlob: true, webauthn:extension:largeBlob: true, webauthn:extension:minPinLength: true, webauthn:extension:prf: true, webauthn:virtualAuthenticators: true}
Session ID: 2cbe89f29fcad45d93fcb826794d90f1
at java.base/jdk.internal.reflect.DirectConstructorHandleAccessor.newInstance(DirectConstructorHandleAccessor.java:62)
at java.base/java.lang.reflect.Constructor.newInstanceWithCaller(Constructor.java:502)
at java.base/java.lang.reflect.Constructor.newInstance(Constructor.java:486)
at org.openqa.selenium.remote.ErrorCodec.decode(ErrorCodec.java:167)
at org.openqa.selenium.remote.codec.w3c.W3CHttpResponseCodec.decode(W3CHttpResponseCodec.java:138)
at org.openqa.selenium.remote.codec.w3c.W3CHttpResponseCodec.decode(W3CHttpResponseCodec.java:50)
at org.openqa.selenium.remote.HttpCommandExecutor.execute(HttpCommandExecutor.java:190)
at org.openqa.selenium.remote.service.DriverCommandExecutor.invokeExecute(DriverCommandExecutor.java:216)
at org.openqa.selenium.remote.service.DriverCommandExecutor.execute(DriverCommandExecutor.java:174)
at org.openqa.selenium.remote.RemoteWebDriver.execute(RemoteWebDriver.java:545)
at org.openqa.selenium.remote.ElementLocation$ElementFinder$2.findElement(ElementLocation.java:165)
at org.openqa.selenium.remote.ElementLocation.findElement(ElementLocation.java:59)
at org.openqa.selenium.remote.RemoteWebDriver.findElement(RemoteWebDriver.java:368)
at org.openqa.selenium.remote.RemoteWebDriver.findElement(RemoteWebDriver.java:362)
at org.openqa.selenium.support.pagefactory.DefaultElementLocator.findElement(DefaultElementLocator.java:68)
at org.openqa.selenium.support.pagefactory.internal.LocatingElementHandler.invoke(LocatingElementHandler.java:38)
at jdk.proxy2/jdk.proxy2.$Proxy14.clear(Unknown Source)
at com.qa.gyruslearner.util.ElementUtil.doSendKeys(ElementUtil.java:101)
at com.qa.gyruslearner.pages.LoginPage.doValidUerNameWrongPass(LoginPage.java:160)
at com.qa.gyruslearner.testcases.LoginPageTestCase.verifyWrongUserNameAndValidPassTest(LoginPageTestCase.java:149)
at java.base/jdk.internal.reflect.DirectMethodHandleAccessor.invoke(DirectMethodHandleAccessor.java:103)
at java.base/java.lang.reflect.Method.invoke(Method.java:580)
at org.testng.internal.invokers.MethodInvocationHelper.invokeMethod(MethodInvocationHelper.java:139)
at org.testng.internal.invokers.TestInvoker.invokeMethod(TestInvoker.java:664)
at org.testng.internal.invokers.TestInvoker.invokeTestMethod(TestInvoker.java:228)
at org.testng.internal.invokers.MethodRunner.runInSequence(MethodRunner.java:63)
at org.testng.internal.invokers.TestInvoker$MethodInvocationAgent.invoke(TestInvoker.java:961)
at org.testng.internal.invokers.TestInvoker.invokeTestMethods(TestInvoker.java:201)
at org.testng.internal.invokers.TestMethodWorker.invokeTestMethods(TestMethodWorker.java:148)
at org.testng.internal.invokers.TestMethodWorker.run(TestMethodWorker.java:128)
at java.base/java.util.ArrayList.forEach(ArrayList.java:1596)
at org.testng.TestRunner.privateRun(TestRunner.java:819)
at org.testng.TestRunner.run(TestRunner.java:619)
at org.testng.SuiteRunner.runTest(SuiteRunner.java:443)
at org.testng.SuiteRunner.runSequentially(SuiteRunner.java:437)
at org.testng.SuiteRunner.privateRun(SuiteRunner.java:397)
at org.testng.SuiteRunner.run(SuiteRunner.java:336)
at org.testng.SuiteRunnerWorker.runSuite(SuiteRunnerWorker.java:52)
at org.testng.SuiteRunnerWorker.run(SuiteRunnerWorker.java:95)
at org.testng.TestNG.runSuitesSequentially(TestNG.java:1301)
at org.testng.TestNG.runSuitesLocally(TestNG.java:1228)
at org.testng.TestNG.runSuites(TestNG.java:1134)
at org.testng.TestNG.run(TestNG.java:1101)
at org.testng.remote.AbstractRemoteTestNG.run(AbstractRemoteTestNG.java:115)
at org.testng.remote.RemoteTestNG.initAndRun(RemoteTestNG.java:293)
at org.testng.remote.RemoteTestNG.main(RemoteTestNG.java:91)
]]>
    </error>
  </testcase> <!-- verifyWrongUserNameAndValidPassTest -->
  <testcase classname="com.qa.gyruslearner.testcases.LoginPageTestCase" name="verifyValidLoginTest" time="0.000">
    <skipped/>
  </testcase> <!-- verifyValidLoginTest -->
  <testcase classname="com.qa.gyruslearner.testcases.LoginPageTestCase" name="verifyFirstTimeLoginRedirectsToChangePasswordTest">
    <skipped/>
  </testcase> <!-- verifyFirstTimeLoginRedirectsToChangePasswordTest -->
  <testcase classname="com.qa.gyruslearner.testcases.LoginPageTestCase" name="verifyLastLoginAttemptMessage">
    <skipped/>
  </testcase> <!-- verifyLastLoginAttemptMessage -->
  <testcase classname="com.qa.gyruslearner.testcases.LoginPageTestCase" name="verifyAccountLockAfterFailedAttemptTest">
    <skipped/>
  </testcase> <!-- verifyAccountLockAfterFailedAttemptTest -->
</testsuite> <!-- com.qa.gyruslearner.testcases.LoginPageTestCase -->
