<?xml version="1.0" encoding="UTF-8"?>
<!-- Generated by org.testng.reporters.JUnitReportReporter -->
<testsuite hostname="GYRUS-231" failures="0" tests="2" name="com.qa.gyruslearner.testcases.LoginPageTestCase" time="3.050" errors="0" timestamp="2025-09-01T18:34:25 IST" skipped="0">
  <testcase classname="com.qa.gyruslearner.testcases.LoginPageTestCase" name="LoginPageTitleTest" time="0.029"/>
  <testcase classname="com.qa.gyruslearner.testcases.LoginPageTestCase" name="LoginPageUrlTest" time="3.021"/>
</testsuite> <!-- com.qa.gyruslearner.testcases.LoginPageTestCase -->
